<?xml version="1.0" encoding="UTF-8"?>
<!-- Generated by org.testng.reporters.JUnitReportReporter -->
<testsuite hostname="SSANDPC1ATKW9" failures="0" tests="1" name="com.sampleApplication.orgDetails.test.FirstMavenClass" time="2.429" errors="0" timestamp="2021-05-10T02:43:08 IST" skipped="0">
  <testcase classname="com.sampleApplication.orgDetails.test.FirstMavenClass" name="test1" time="2.429"/>
  <system-out/>
</testsuite> <!-- com.sampleApplication.orgDetails.test.FirstMavenClass -->
